
[main 7a1084a] Apps: 01/20/2025
 1 file changed, 1 insertion(+)
branch 'main' set up to track 'origin/main'.
[main 0b1fa6f] Apps: 01/20/2025
 2 files changed, 5 insertions(+)
branch 'main' set up to track 'origin/main'.
[main 114f021] Apps: 01/20/2025
 2 files changed, 5 insertions(+)
branch 'main' set up to track 'origin/main'.
[main 6b42d27] Apps: 01/20/2025
 3 files changed, 6 insertions(+)
branch 'main' set up to track 'origin/main'.
[main 68f708b] Apps: 01/20/2025
 5 files changed, 3 insertions(+), 7 deletions(-)
 create mode 100644 .DS_Store
 delete mode 100644 apps.log
 delete mode 100644 brew.err
 rename brew.out => brew.log (74%)
 delete mode 100644 updates.log
branch 'main' set up to track 'origin/main'.
[main 5e0f0ba] Apps: 01/20/2025
 1 file changed, 8 insertions(+)
branch 'main' set up to track 'origin/main'.
No changes to commit.
{"id":"q0Xb0f6CjbBe","time":1738089715,"expires":1738132915,"event":"message","topic":"brew","message":"No new apps/tools"}
