[main aebae27] Apps: 01/08/2025
 1 file changed, 19 deletions(-)
fatal: could not read Username for 'https://github.com': Device not configured
[main 9aa4a16] Apps: 01/08/2025
 2 files changed, 3 insertions(+), 1 deletion(-)
fatal: could not read Username for 'https://github.com': Device not configured
[main 17ac85d] Apps: 01/08/2025
 1 file changed, 3 insertions(+)
fatal: could not read Username for 'https://github.com': Device not configured
[main 9463ef8] Apps: 01/08/2025
 1 file changed, 3 insertions(+)
fatal: could not read Username for 'https://github.com': Device not configured
[main ad7b292] Apps: 01/08/2025
 1 file changed, 3 insertions(+)
fatal: could not read Username for 'https://github.com': Device not configured
[main f128ab0] Apps: 01/08/2025
 1 file changed, 3 insertions(+)
fatal: could not read Username for 'https://github.com': Device not configured
[main e1a20c2] Apps: 01/08/2025
 1 file changed, 3 insertions(+)
fatal: could not read Username for 'https://github.com': Device not configured
[main a6f7534] Apps: 01/08/2025
 1 file changed, 3 insertions(+)
fatal: could not read Username for 'https://github.com': Device not configured
[main ea208cd] Apps: 01/08/2025
 1 file changed, 3 insertions(+)
fatal: could not read Username for 'https://github.com': Device not configured
[main d4b604e] Apps: 01/08/2025
 1 file changed, 3 insertions(+)
fatal: could not read Password for 'https://rjinnette@github.com': Device not configured
[main cf2f17e] Apps: 01/08/2025
 1 file changed, 3 insertions(+)
fatal: could not read Password for 'https://rjinnette@github.com': Device not configured
[main d695fbf] Apps: 01/08/2025
 1 file changed, 3 insertions(+)
fatal: could not read Password for 'https://rjinnette@github.com': Device not configured
[main 080bb37] Apps: 01/08/2025
 1 file changed, 3 insertions(+)
fatal: could not read Password for 'https://rjinnette@github.com': Device not configured
[main 9a38275] Apps: 01/08/2025
 1 file changed, 3 insertions(+)
To https://github.com/rjinnette/brew_apps.git
   080bb37..9a38275  main -> main
branch 'main' set up to track 'origin/main'.
[main 34add55] Apps: 01/08/2025
 2 files changed, 6 insertions(+)
To https://github.com/rjinnette/brew_apps.git
   9a38275..34add55  main -> main
branch 'main' set up to track 'origin/main'.
[main 7dd2f65] Apps: 01/08/2025
 1 file changed, 5 insertions(+)
To https://github.com/rjinnette/brew_apps.git
   34add55..7dd2f65  main -> main
branch 'main' set up to track 'origin/main'.
[main 80a92b2] Apps: 01/08/2025
 1 file changed, 5 insertions(+)
To https://github.com/rjinnette/brew_apps.git
   7dd2f65..80a92b2  main -> main
branch 'main' set up to track 'origin/main'.
